1669122443 0.22
1669122504 0.08
1669122564 0.12
1669122640 0.14
1669122700 0.12
1669122834 0.08
1669122894 0.14
1669122954 0.14
1669123031 0.08
1669123091 0.1
1669123151 0.14
1669123211 0.08
1669123271 0.08
1669123331 0.08
1669123391 0.12
1669123451 0.02
1669123511 0.06
1669123571 0.18
1669123631 0.2
1669123691 0.18
1669123751 0.12
1669123811 0.14
1669123871 0.16
1669124551 0.1
1669124611 0.02
1669124671 0.08
1669124731 0.14
1669124791 0.12
1669124852 0.06
1669124912 0.16
1669124972 0.16
1669125032 0.18
1669125092 0.18
1669125152 0.16
1669125212 0.12
1669125272 0.1
1669125332 0.2
1669125392 0.08
1669125452 0.08
1669125512 0.06
1669125572 0.1
1669125632 0.1
1669125692 0.18
1669125752 0.14
1669125812 0.12
1669125872 0.18
1669125932 0.12
1669125992 0.14
1669126053 0.14
1669126113 0.2
1669126173 0.26
1669126233 0.1
1669126293 0.06
1669126353 0.12
1669126413 0.18
1669126473 0.06
1669126533 0.16
1669126593 0.12
1669126653 0.04
1669126713 0.16
1669126773 0.12
1669126833 0.16
1669126893 0.04
1669126953 0.14
1669127013 0.08
1669127073 0.06
1669127133 0.1
1669127193 0.08
1669127253 0.14
1669127313 0.14
1669127373 0.18
1669127434 0.08
1669127494 0.16
1669127554 0.16
1669127614 0.14
1669127674 0.16
1669127734 0.08
1669127794 0.14
1669127854 0.06
1669127914 0.1
1669127974 0.12
1669128034 0.1
1669128094 0.2
1669128154 0.12
1669128214 0.14
1669128274 0.2
1669128334 0.1
1669128394 0.14
1669128454 0.12
1669128514 0.12
1669128575 0.1
1669128635 0.14
1669128695 0.22
1669128755 0.12
1669128815 0.12
1669128875 0.14
1669128935 0.06
1669128995 0.08
1669129055 0.2
1669129115 0.16
1669129175 0.12
1669129235 0.08
1669129295 0.14
1669129355 0.08
1669129415 0.18
1669129475 0.12
1669129535 0.1
1669129595 0.16
1669129655 0.12
1669129715 0.12
1669129776 0.14
1669129836 0.14
1669129896 0.14
1669129956 0.16
1669130016 0.14
1669130076 0.16
1669130136 0.08
1669130196 0.1
1669130256 0.18
1669130316 0.1
1669130376 0.12
1669130436 0.18
1669130496 0.12
1669130556 0.14
1669130616 0.08
1669130676 0.14
1669130736 0.16
1669130796 0.06
1669130857 0.1
1669130917 0.08
1669130977 0.1
1669131037 0.22
1669131097 0.14
1669131157 0.12
1669131217 0.04
1669131277 0.2
1669131337 0.08
1669131397 0.1
1669131457 0.06
1669131517 0.1
1669131577 0.1
1669131637 0.14
1669131697 0.06
1669131757 0.16
1669131817 0.14
1669131877 0.1
1669131937 0.12
1669131997 0.22
1669132057 0.12
1669132117 0.12
1669132178 0.14
1669132238 0.16
1669132298 0.1
1669132358 0.1
1669132418 0.12
1669132478 0.04
1669132538 0.06
1669132598 0.16
1669132658 0.12
1669132718 0.1
1669132778 0.08
1669132838 0.1
1669132898 0.12
1669132958 0.06
1669133018 0.14
1669133078 0.14
1669133138 0.16
1669133198 0.18
1669133258 0.08
1669133318 0.1
1669133379 0.16
1669133439 0.16
1669133499 0.26
1669133559 0.1
1669133619 0.04
1669133679 0.12
1669133739 0.18
1669133799 0.04
1669133859 0.2
1669133919 0.14
1669133979 0.08
1669134039 0.06
1669134099 0.1
1669134159 0.16
1669134219 0.06
1669134279 0.08
1669134339 0.12
1669134399 0.06
1669134459 0.1
1669134519 0.16
1669134580 0.12
1669134640 0.16
1669134700 0.14
1669134760 0.08
1669134820 0.16
1669134880 0.14
1669134940 0.08
1669135000 0.1
1669135060 0.1
1669135120 0.12
1669135180 0.16
1669135240 0.08
1669135300 0.06
1669135360 0.14
1669135420 0.12
1669135480 0.06
1669135540 0.16
1669135600 0.16
1669135660 0.1
1669135720 0.08
1669135780 0.18
1669135841 0.12
1669135901 0.12
1669135961 0.18
1669136021 0.1
1669136081 0.2
1669136141 0.16
1669136201 0.06
1669136261 0.12
1669136321 0.08
1669136381 0.1
1669136441 0.14
1669136501 0.14
1669136561 0.06
1669136621 0.08
1669136681 0.16
1669136741 0.12
1669136801 0.18
1669136861 0.12
1669136921 0.14
1669136981 0.06
1669137041 0.14
1669137101 0.12
1669137161 0.16
1669137221 0.14
1669137282 0.04
1669137342 0.14
1669137402 0.06
1669137462 0.06
1669137522 0.04
1669137582 0.06
1669137642 0.18
1669137702 0.12
1669137762 0.12
1669137822 0.16
1669137882 0.08
1669137942 0.1
1669138002 0.14
1669138062 0.14
1669138122 0.18
1669138182 0.1
1669138242 0.2
1669138302 0.14
1669138362 0.08
1669138422 0.14
1669138482 0.16
1669138542 0.16
1669138602 0.1
1669138662 0.12
1669138723 0.16
1669138783 0.16
1669138843 0.14
1669138903 0.14
1669138963 0.18
1669139023 0.1
1669139083 0.06
1669139143 0.16
1669139203 0.12
1669139263 0.1
1669139323 0.1
1669139383 0.06
1669139443 0.08
1669139503 0.12
1669139563 0.2
1669139623 0.1
1669139683 0.1
1669139743 0.16
1669139803 0.14
1669139863 0.14
1669139923 0.1
1669139983 0.12
1669140043 0.2
1669140103 0.1
1669140163 0.06
1669140223 0.16
1669140283 0.2
1669140344 0.08
1669140404 0.1
1669140464 0.18
1669140524 0.12
1669140584 0.12
1669140644 0.1
1669140704 0.12
1669140764 0.22
1669140824 0.14
1669140884 0.08
1669140944 0.06
1669141004 0.12
1669141064 0.16
1669141124 0.12
1669141184 0.08
1669141244 0.16
1669141304 0.18
1669141364 0.04
1669141424 0.08
1669141484 0.12
1669141544 0.24
1669141605 0.14
1669141665 0.26
1669141725 0.2
1669141785 0.12
1669141845 0.1
1669141905 0.06
1669141965 0.08
1669142025 0.04
1669142085 0.16
1669142145 0.16
1669142205 0.16
1669142265 0.18
1669142325 0.14
1669142385 0.08
1669142445 0.12
1669142505 0.2
1669142565 0.04
1669142625 0.1
1669142685 0.06
1669142745 0.12
1669142805 0.12
1669142866 0.1
1669142926 0.04
1669142986 0.12
1669143046 0.14
1669143106 0.1
1669143166 0.1
1669143226 0.16
1669143286 0.06
1669143346 0.12
1669143406 0.14
1669143466 0.04
1669143526 0.08
1669143586 0.1
1669143646 0.08
1669143706 0.06
1669143766 0.16
1669143826 0.1
1669143886 0.24
1669143946 0.16
1669144006 0.14
1669144066 0.08
1669144127 0.06
1669144187 0.06
1669144247 0.08
1669144307 0.06
1669144367 0.04
1669144427 0.12
1669144487 0.14
1669144547 0.12
1669144607 0.08
1669144667 0.1
1669144727 0.08
1669144787 0.18
1669144847 0.1
1669144907 0.18
1669144967 0.1
1669145027 0.16
1669145087 0.1
1669145147 0.18
1669145207 0.08
1669145267 0.1
1669145327 0.14
1669145388 0.06
1669145448 0.08
1669145508 0.14
1669145568 0.14
1669145628 0.08
1669145688 0.14
1669145748 0.18
1669145808 0.04
1669145868 0.14
1669145928 0.14
1669145988 0.16
1669146048 0.1
1669146108 0.12
1669146168 0.18
1669146228 0.06
1669146288 0.2
1669146348 0.06
1669146408 0.12
1669146468 0.16
1669146528 0.08
1669146588 0.18
1669146648 0.06
1669146709 0.16
1669146769 0.04
1669146829 0.12
1669146889 0.14
1669146949 0.08
1669147009 0.08
1669147069 0.14
1669147129 0.12
1669147189 0.08
1669147249 0.08
1669147309 0.1
1669147369 0.18
1669147429 0.16
1669147489 0.22
1669147549 0.2
1669147609 0.08
1669147669 0.16
1669147729 0.1
1669147790 0.12
1669147850 0.12
1669147910 0.14
1669147970 0.1
1669148030 0.14
1669148090 0.18
1669148150 0.06
1669148210 0.16
1669148270 0.12
1669148330 0.14
1669148390 0.16
1669148450 0.14
1669148510 0.06
1669148570 0.16
1669148630 0.12
1669148690 0.1
1669148750 0.1
1669148810 0.14
1669148870 0.12
1669148930 0.12
1669148990 0.12
1669149050 0.08
1669149110 0.12
1669149171 0.16
1669149231 0.18
1669149291 0.1
1669149351 0.12
1669149411 0.16
1669149471 0.1
1669149531 0.06
1669149591 0.12
1669149651 0.14
1669149711 0.14
1669149771 0.16
1669149831 0.1
1669149891 0.12
1669149951 0.08
1669150011 0.1
1669150071 0.16
1669150131 0.14
1669150191 0.14
1669150251 0.18
1669150311 0.08
1669150371 0.14
1669150431 0.06
1669150491 0.2
1669150551 0.06
1669150612 0.14
1669150672 0.12
1669150732 0.04
1669150792 0.12
1669150852 0.16
1669150912 0.1
1669150972 0.14
1669151032 0.22
1669151092 0.12
1669151152 0.1
1669151212 0.12
1669151272 0.06
1669151332 0.12
1669151392 0.1
1669151452 0.08
1669151512 0.08
1669151572 0.06
1669151632 0.1
1669151692 0.1
1669151752 0.16
1669151812 0.26
1669151873 0.14
1669151933 0.12
1669151993 0.1
1669152053 0.14
1669152113 0.14
1669152173 0.02
1669152233 0.14
1669152293 0.06
1669152353 0.1
1669152413 0.2
1669152473 0.08
1669152533 0.18
1669152593 0.06
1669152653 0.08
1669152713 0.16
1669152773 0.14
1669152833 0.14
1669152893 0.12
1669152953 0.04
1669153013 0.12
1669153073 0.04
1669153134 0.14
1669153194 0.14
1669153254 0.12
1669153314 0.12
1669153374 0.06
1669153434 0.14
1669153494 0.12
1669153554 0.08
1669153614 0.1
1669153674 0.06
1669153734 0.22
1669153794 0.14
1669153854 0.12
1669153914 0.1
1669153974 0.08
1669154034 0.06
1669154094 0.16
1669154154 0.14
1669154214 0.04
1669154275 0.08
1669154335 0.2
1669154395 0.06
1669154455 0.1
1669154515 0.1
1669154575 0.16
1669154635 0.06
1669154695 0.18
1669154755 0.14
1669154815 0.1
1669154875 0.06
1669154935 0.02
1669154995 0.12
1669155055 0.18
1669155115 0.12
1669155175 0.1
1669155235 0.06
1669155295 0.14
1669155355 0.16
1669155416 0.12
1669155476 0.12
1669155536 0.08
1669155596 0.14
1669155656 0.1
1669155716 0.14
1669155776 0.08
1669155836 0.14
1669155896 0.08
1669155956 0.08
1669156016 0.06
1669156076 0.1
1669156136 0.04
1669156196 0.1
1669156256 0.08
1669156316 0.14
1669156376 0.12
1669156436 0.1
1669156497 0.16
1669156557 0.14
1669156617 0.08
1669156677 0.12
1669156737 0.14
1669156797 0.1
1669156857 0.14
1669156917 0.2
1669156977 0.18
1669157037 0.12
1669157097 0.06
1669157157 0.06
1669157217 0.22
1669157277 0.14
1669157337 0.08
1669157397 0.12
1669157457 0.04
1669157517 0.1
1669157577 0.06
1669157638 0.06
1669157698 0.12
1669157758 0.1
1669157818 0.08
1669157878 0.14
1669157938 0.12
1669157998 0.1
1669158058 0.08
1669158118 0.1
1669158178 0.08
1669158238 0.14
1669158298 0.14
1669158358 0.14
1669158418 0.06
1669158478 0.1
1669158538 0.16
1669158598 0.16
1669158658 0.14
1669158718 0.12
1669158779 0.08
1669158839 0.16
1669158899 0.16
1669158959 0.08
1669159019 0.08
1669159079 0.2
1669159139 0.16
1669159199 0.14
1669159259 0.16
1669159319 0.1
1669159379 0.08
1669159439 0.08
1669159499 0.1
1669159559 0.1
1669159619 0.12
1669159679 0.14
1669159739 0.12
1669159799 0.12
1669159859 0.08
1669159920 0.12
1669159980 0.08
1669160040 0.08
1669160100 0.08
1669160160 0.12
1669160220 0.16
1669160280 0.18
1669160340 0.1
1669160400 0.16
1669160460 0.16
1669160520 0.12
1669160580 0.06
1669160640 0.08
1669160700 0.14
1669160760 0.12
1669160820 0.14
1669160880 0.04
1669160940 0.04
1669161000 0.12
1669161061 0.08
1669161121 0.16
1669161181 0.18
1669161241 0.08
1669161301 0.1
1669161361 0.06
1669161421 0.18
1669161481 0.04
1669161541 0.1
1669161601 0.22
1669161661 0.12
1669161721 0.14
1669161781 0.12
1669161841 0.18
1669161901 0.06
1669161961 0.1
1669162021 0.24
1669162081 0.14
1669162141 0.06
1669162201 0.1
1669162262 0.06
1669162322 0.12
1669162382 0.12
1669162442 0.18
1669162502 0.14
1669162562 0.1
1669162622 0.2
1669162682 0.12
1669162742 0.22
1669162802 0.16
1669162862 0.1
1669162922 0.12
1669162982 0.14
1669163042 0.14
1669163102 0.1
1669163162 0.06
1669163222 0.2
1669163283 0.12
1669163343 0.14
1669163403 0.12
1669163463 0.1
1669163523 0.12
1669163583 0.18
1669163643 0.1
1669163703 0.16
1669163763 0.1
1669163823 0.08
1669163883 0.14
1669163943 0.14
1669164003 0.08
1669164063 0.12
1669164123 0.06
1669164183 0.16
1669164243 0.1
1669164303 0.06
1669164363 0.12
1669164424 0.04
1669164484 0.16
1669164544 0.16
1669164604 0.1
1669164664 0.04
1669164724 0.08
1669164784 0.04
1669164844 0.04
1669164904 0.1
1669164964 0.2
1669165024 0.14
1669165084 0.14
1669165144 0.06
1669165204 0.1
1669165264 0.24
1669165324 0.08
1669165384 0.14
1669165444 0.1
1669165505 0.1
1669165565 0.14
1669165625 0.26
1669165685 0.08
1669165745 0.08
1669165805 0.14
1669165865 0.1
1669165925 0.1
1669165985 0.12
1669166045 0.18
1669166105 0.08
1669166165 0.06
1669166225 0.18
1669166285 0.12
1669166345 0.16
1669166405 0.12
1669166465 0.14
1669166525 0.14
1669166586 0.14
1669166646 0.14
1669166706 0.06
1669166766 0.14
1669166826 0.06
1669166886 0.12
1669166946 0.08
1669167006 0.06
1669167066 0.16
1669167126 0.12
1669167186 0.1
1669167246 0.12
1669167306 0.2
1669167366 0.1
1669167426 0.06
1669167486 0.14
1669167546 0.12
1669167606 0.1
1669167667 0.16
1669198233 3.42
1669198294 3.22
1669198355 3.08
1669198525 3.2
1669198586 1.62
1669198647 0.12
1669198765 0.18
1669198825 0.06
1669198939 0.22
1669198999 2.48
1669199060 2.82
1669199132 2.48
1669199193 2.64
1669199253 2.52
1669199313 2.68
1669199373 2.16
1669199433 2.48
1669199493 2.32
1669199591 2.52
1669199652 2.52
1669199763 2.42
1669199823 2.58
1669199883 2.56
1669199943 2.44
1669200003 2.4
1669200093 2.52
1669200153 2.74
1669200213 2.62
1669200273 2.48
1669200333 2.72
1669200393 2.74
1669200508 2.68
1669200568 2.6
1669200628 2.5
1669200688 2.5
1669200748 2.66
1669200808 2.5
1669200868 2.7
1669200928 2.5
1669200989 2.42
1669201049 2.34
1669201109 2.54
1669201169 2.66
1669201229 2.8
1669201289 2.52
1669201349 2.46
1669201410 2.26
1669201470 2.52
1669201530 2.64
1669201590 2.56
1669201650 2.4
1669201710 2.7
1669201770 2.48
1669201830 2.3
1669201890 2.76
1669201950 2.38
1669202011 2.7
1669202071 2.44
1669202131 2.46
1669202191 2.44
1669202251 2.64
1669202311 2.44
1669202371 2.78
1669202432 2.34
1669202492 2.5
1669202552 2.38
1669202612 2.9
1669202672 2.68
1669202732 2.56
1669202792 2.52
1669202852 2.36
1669202912 2.58
1669202973 2.44
1669203033 2.74
1669203093 2.98
1669203153 2.78
1669203213 2.64
1669203273 2.48
1669203333 2.62
1669203393 2.54
1669203454 2.66
1669203514 2.48
1669203574 2.5
1669203634 2.36
1669203694 2.66
1669203754 2.6
1669203814 2.44
1669203874 2.64
1669203935 2.62
1669203995 2.72
1669204055 2.64
1669204115 0.9
1669204175 0.08
1669204235 0.1
1669204295 0.14
1669204355 0.12
1669204415 0.1
1669204475 0.1
1669204535 0.12
1669204595 0.14
1669204655 0.18
1669204715 0.06
1669204776 0.18
1669204836 0.26
1669204896 0.18
1669204956 0.2
1669205016 0.2
1669205076 0.1
1669205136 0.2
1669205196 0.18
1669205256 0.24
1669205316 0.26
1669205376 0.26
1669205436 0.14
1669205496 0.16
1669205556 0.14
1669205616 0.2
1669205676 0.22
1669205736 0.22
1669205796 0.16
1669205857 0.14
1669205917 0.18
1669205977 0.18
1669206037 0.16
1669206097 0.12
1669206157 0.26
1669206217 0.22
1669206277 0.14
1669206337 0.24
1669206397 0.28
1669206457 0.14
1669206517 0.14
1669206577 0.12
1669206637 0.22
1669206697 0.22
1669206757 0.14
1669206817 0.1
1669206877 0.2
1669206937 0.18
1669206997 0.18
1669207057 0.22
1669207118 0.2
1669207178 0.18
1669207238 0.22
1669207298 0.2
1669207358 0.14
1669207418 0.34
1669207478 0.16
1669207538 0.28
1669207598 0.24
1669207658 0.28
1669207718 0.14
1669207778 0.2
1669207838 0.28
1669207898 0.14
1669207958 0.22
1669208018 0.16
1669208078 0.24
1669208138 0.12
1669208198 0.24
1669208258 0.12
1669208319 0.22
1669208379 0.08
1669208439 0.24
1669208499 0.28
1669208559 0.26
1669208619 0.22
1669208679 0.26
1669208739 0.16
1669208799 0.16
1669208859 0.22
1669208919 0.12
1669208979 0.24
1669209039 0.26
1669209099 0.12
1669209159 0.14
1669209219 0.2
1669209279 0.24
1669209339 0.16
1669209399 0.18
1669209459 0.24
1669209520 0.12
1669209580 0.2
1669209640 0.16
1669209700 0.2
1669209760 0.16
1669209820 0.14
1669209880 0.2
1669209940 0.18
1669210000 0.32
1669210060 0.12
1669210120 0.14
1669210180 0.16
1669210240 0.22
1669210300 0.26
1669210360 0.1
1669210420 0.2
1669210480 0.18
1669210540 0.22
1669210600 0.24
1669210661 0.16
1669210721 0.24
1669210781 0.16
1669210841 0.14
1669210901 0.18
1669210961 0.2
1669211021 0.1
1669211081 0.22
1669211141 0.18
1669211201 0.2
1669211261 0.16
1669211321 0.28
1669211381 0.28
1669211441 0.24
1669211501 0.28
1669211561 0.08
1669211621 0.22
1669211681 0.24
1669211741 0.12
1669211801 0.22
1669211861 0.18
1669211922 0.24
1669211982 0.3
1669212042 0.2
1669212102 0.16
1669212162 0.14
1669212222 0.12
1669212282 0.28
1669212342 0.16
1669212402 0.18
1669212462 0.26
1669212522 0.12
1669212582 0.12
1669212642 0.16
1669212702 0.22
1669212762 0.2
1669212822 0.28
1669212882 0.2
1669212942 0.18
1669213002 0.2
1669213062 0.14
1669213122 0.16
1669213182 0.12
1669213242 0.12
1669213303 0.16
1669213363 0.18
1669213423 0.22
1669213483 0.16
1669213543 0.1
1669213603 0.24
1669213663 0.2
1669213723 0.22
1669213783 0.26
1669213843 0.18
1669213903 0.18
1669214019 0.14
1669214079 0.16